G:\VULNERABILITY\FUZZ SOURCE\AS HUNTER\CVE-2014-0590-FLASH LOGIC ERROR IN BYTECODE VERIFIER\DEBUG\TDBG\DEBUG\TDBG.DLL
G:\vulnerability\fuzz source\as Hunter\CVE-2014-0590-Flash logic error in bytecode verifier\debug\tdbg\Debug\tdbg.exp
G:\VULNERABILITY\FUZZ SOURCE\AS HUNTER\CVE-2014-0590-FLASH LOGIC ERROR IN BYTECODE VERIFIER\DEBUG\TDBG\DEBUG\TDBG.ILK
G:\vulnerability\fuzz source\as Hunter\CVE-2014-0590-Flash logic error in bytecode verifier\debug\tdbg\Debug\tdbg.lib
G:\VULNERABILITY\FUZZ SOURCE\AS HUNTER\CVE-2014-0590-FLASH LOGIC ERROR IN BYTECODE VERIFIER\DEBUG\TDBG\DEBUG\TDBG.PDB
G:\vulnerability\fuzz source\as Hunter\CVE-2014-0590-Flash logic error in bytecode verifier\debug\tdbg\tdbg\Debug\cl.command.1.tlog
G:\vulnerability\fuzz source\as Hunter\CVE-2014-0590-Flash logic error in bytecode verifier\debug\tdbg\tdbg\Debug\CL.read.1.tlog
G:\vulnerability\fuzz source\as Hunter\CVE-2014-0590-Flash logic error in bytecode verifier\debug\tdbg\tdbg\Debug\CL.write.1.tlog
G:\VULNERABILITY\FUZZ SOURCE\AS HUNTER\CVE-2014-0590-FLASH LOGIC ERROR IN BYTECODE VERIFIER\DEBUG\TDBG\TDBG\DEBUG\DBGEXTS.OBJ
G:\VULNERABILITY\FUZZ SOURCE\AS HUNTER\CVE-2014-0590-FLASH LOGIC ERROR IN BYTECODE VERIFIER\DEBUG\TDBG\TDBG\DEBUG\DLLMAIN.OBJ
G:\VULNERABILITY\FUZZ SOURCE\AS HUNTER\CVE-2014-0590-FLASH LOGIC ERROR IN BYTECODE VERIFIER\DEBUG\TDBG\TDBG\DEBUG\EXTS.OBJ
G:\vulnerability\fuzz source\as Hunter\CVE-2014-0590-Flash logic error in bytecode verifier\debug\tdbg\tdbg\Debug\link.19616.read.1.tlog
G:\vulnerability\fuzz source\as Hunter\CVE-2014-0590-Flash logic error in bytecode verifier\debug\tdbg\tdbg\Debug\link.19616.write.1.tlog
G:\vulnerability\fuzz source\as Hunter\CVE-2014-0590-Flash logic error in bytecode verifier\debug\tdbg\tdbg\Debug\link.19616-cvtres.read.1.tlog
G:\vulnerability\fuzz source\as Hunter\CVE-2014-0590-Flash logic error in bytecode verifier\debug\tdbg\tdbg\Debug\link.19616-cvtres.write.1.tlog
G:\vulnerability\fuzz source\as Hunter\CVE-2014-0590-Flash logic error in bytecode verifier\debug\tdbg\tdbg\Debug\link.command.1.tlog
G:\vulnerability\fuzz source\as Hunter\CVE-2014-0590-Flash logic error in bytecode verifier\debug\tdbg\tdbg\Debug\link.read.1.tlog
G:\vulnerability\fuzz source\as Hunter\CVE-2014-0590-Flash logic error in bytecode verifier\debug\tdbg\tdbg\Debug\link.write.1.tlog
G:\vulnerability\fuzz source\as Hunter\CVE-2014-0590-Flash logic error in bytecode verifier\debug\tdbg\tdbg\Debug\link-cvtres.read.1.tlog
G:\vulnerability\fuzz source\as Hunter\CVE-2014-0590-Flash logic error in bytecode verifier\debug\tdbg\tdbg\Debug\link-cvtres.write.1.tlog
G:\vulnerability\fuzz source\as Hunter\CVE-2014-0590-Flash logic error in bytecode verifier\debug\tdbg\tdbg\Debug\mt.command.1.tlog
G:\vulnerability\fuzz source\as Hunter\CVE-2014-0590-Flash logic error in bytecode verifier\debug\tdbg\tdbg\Debug\mt.read.1.tlog
G:\vulnerability\fuzz source\as Hunter\CVE-2014-0590-Flash logic error in bytecode verifier\debug\tdbg\tdbg\Debug\mt.write.1.tlog
G:\vulnerability\fuzz source\as Hunter\CVE-2014-0590-Flash logic error in bytecode verifier\debug\tdbg\tdbg\Debug\rc.command.1.tlog
G:\vulnerability\fuzz source\as Hunter\CVE-2014-0590-Flash logic error in bytecode verifier\debug\tdbg\tdbg\Debug\rc.read.1.tlog
G:\vulnerability\fuzz source\as Hunter\CVE-2014-0590-Flash logic error in bytecode verifier\debug\tdbg\tdbg\Debug\rc.write.1.tlog
G:\VULNERABILITY\FUZZ SOURCE\AS HUNTER\CVE-2014-0590-FLASH LOGIC ERROR IN BYTECODE VERIFIER\DEBUG\TDBG\TDBG\DEBUG\STDAFX.OBJ
G:\VULNERABILITY\FUZZ SOURCE\AS HUNTER\CVE-2014-0590-FLASH LOGIC ERROR IN BYTECODE VERIFIER\DEBUG\TDBG\TDBG\DEBUG\TDBG.DLL.EMBED.MANIFEST
G:\VULNERABILITY\FUZZ SOURCE\AS HUNTER\CVE-2014-0590-FLASH LOGIC ERROR IN BYTECODE VERIFIER\DEBUG\TDBG\TDBG\DEBUG\TDBG.DLL.EMBED.MANIFEST.RES
G:\VULNERABILITY\FUZZ SOURCE\AS HUNTER\CVE-2014-0590-FLASH LOGIC ERROR IN BYTECODE VERIFIER\DEBUG\TDBG\TDBG\DEBUG\TDBG.DLL.INTERMEDIATE.MANIFEST
G:\VULNERABILITY\FUZZ SOURCE\AS HUNTER\CVE-2014-0590-FLASH LOGIC ERROR IN BYTECODE VERIFIER\DEBUG\TDBG\TDBG\DEBUG\TDBG.OBJ
G:\VULNERABILITY\FUZZ SOURCE\AS HUNTER\CVE-2014-0590-FLASH LOGIC ERROR IN BYTECODE VERIFIER\DEBUG\TDBG\TDBG\DEBUG\TDBG.PCH
G:\vulnerability\fuzz source\as Hunter\CVE-2014-0590-Flash logic error in bytecode verifier\debug\tdbg\tdbg\Debug\tdbg.vcxprojResolveAssemblyReference.cache
G:\vulnerability\fuzz source\as Hunter\CVE-2014-0590-Flash logic error in bytecode verifier\debug\tdbg\tdbg\Debug\tdbg.write.1.tlog
G:\vulnerability\fuzz source\as Hunter\CVE-2014-0590-Flash logic error in bytecode verifier\debug\tdbg\tdbg\Debug\tdbg_manifest.rc
G:\vulnerability\fuzz source\as Hunter\CVE-2014-0590-Flash logic error in bytecode verifier\debug\tdbg\tdbg\Debug\vc100.idb
G:\VULNERABILITY\FUZZ SOURCE\AS HUNTER\CVE-2014-0590-FLASH LOGIC ERROR IN BYTECODE VERIFIER\DEBUG\TDBG\TDBG\DEBUG\VC100.PDB
